<?xml version="1.0" encoding="UTF-8"?>
<testng-results ignored="0" total="4" passed="4" failed="0" skipped="0">
  <reporter-output>
  </reporter-output>
  <suite started-at="2021-08-04T22:45:28 IST" name="amazonSuite" finished-at="2021-08-04T22:47:27 IST" duration-ms="119021">
    <groups>
    </groups>
    <test started-at="2021-08-04T22:45:28 IST" name="firefoxTest" finished-at="2021-08-04T22:46:20 IST" duration-ms="52108">
      <class name="test.TestClass">
        <test-method is-config="true" signature="launchBrowser(java.lang.String)[pri:0, instance:test.TestClass@1613674b]" started-at="2021-08-04T22:45:28 IST" name="launchBrowser" finished-at="2021-08-04T22:45:43 IST" duration-ms="15368" status="PASS">
          <params>
            <param index="0">
              <value>
                <![CDATA[firefox]]>
              </value>
            </param>
          </params>
          <reporter-output>
          </reporter-output>
        </test-method> <!-- launchBrowser -->
        <test-method is-config="true" signature="setproperty()[pri:0, instance:test.TestClass@1613674b]" started-at="2021-08-04T22:45:44 IST" name="setproperty" finished-at="2021-08-04T22:45:44 IST" duration-ms="305" status="PASS">
          <reporter-output>
          </reporter-output>
        </test-method> <!-- setproperty -->
        <test-method is-config="true" signature="loginpage()[pri:0, instance:test.TestClass@1613674b]" started-at="2021-08-04T22:45:44 IST" name="loginpage" finished-at="2021-08-04T22:45:54 IST" duration-ms="10081" status="PASS">
          <reporter-output>
          </reporter-output>
        </test-method> <!-- loginpage -->
        <test-method signature="amazonpay()[pri:1, instance:test.TestClass@1613674b]" started-at="2021-08-04T22:45:54 IST" name="amazonpay" finished-at="2021-08-04T22:45:57 IST" duration-ms="3416" status="PASS">
          <reporter-output>
          </reporter-output>
        </test-method> <!-- amazonpay -->
        <test-method is-config="true" signature="logout()[pri:0, instance:test.TestClass@1613674b]" started-at="2021-08-04T22:45:57 IST" name="logout" finished-at="2021-08-04T22:46:06 IST" duration-ms="8307" status="PASS">
          <reporter-output>
          </reporter-output>
        </test-method> <!-- logout -->
        <test-method is-config="true" signature="loginpage()[pri:0, instance:test.TestClass@1613674b]" started-at="2021-08-04T22:46:06 IST" name="loginpage" finished-at="2021-08-04T22:46:14 IST" duration-ms="8367" status="PASS">
          <reporter-output>
          </reporter-output>
        </test-method> <!-- loginpage -->
        <test-method signature="homeimproement()[pri:2, instance:test.TestClass@1613674b]" started-at="2021-08-04T22:46:14 IST" name="homeimproement" finished-at="2021-08-04T22:46:17 IST" duration-ms="2403" status="PASS">
          <reporter-output>
          </reporter-output>
        </test-method> <!-- homeimproement -->
        <test-method is-config="true" signature="logout()[pri:0, instance:test.TestClass@1613674b]" started-at="2021-08-04T22:46:17 IST" name="logout" finished-at="2021-08-04T22:46:20 IST" duration-ms="3625" status="FAIL">
          <exception class="org.openqa.selenium.ElementNotInteractableException">
            <message>
              <![CDATA[Element <span class="nav-text"> could not be scrolled into view
Build info: version: '3.141.59', revision: 'e82be7d358', time: '2018-11-14T08:25:53'
System info: host: 'PAYAL', ip: '192.168.0.118', os.name: 'Windows 8.1', os.arch: 'amd64', os.version: '6.3', java.version: '15.0.2'
Driver info: org.openqa.selenium.firefox.FirefoxDriver
Capabilities {acceptInsecureCerts: true, browserName: firefox, browserVersion: 90.0.2, javascriptEnabled: true, moz:accessibilityChecks: false, moz:buildID: 20210721174149, moz:geckodriverVersion: 0.29.1, moz:headless: false, moz:processID: 14532, moz:profile: C:\Users\Mr Amit\AppData\Lo..., moz:shutdownTimeout: 60000, moz:useNonSpecCompliantPointerOrigin: false, moz:webdriverClick: true, pageLoadStrategy: normal, platform: WINDOWS, platformName: WINDOWS, platformVersion: 6.3, proxy: Proxy(), setWindowRect: true, strictFileInteractability: false, timeouts: {implicit: 0, pageLoad: 300000, script: 30000}, unhandledPromptBehavior: dismiss and notify}
Session ID: b0e12332-aeaa-4834-8271-ba8cab0a663b]]>
            </message>
            <full-stacktrace>
              <![CDATA[org.openqa.selenium.ElementNotInteractableException: Element <span class="nav-text"> could not be scrolled into view
Build info: version: '3.141.59', revision: 'e82be7d358', time: '2018-11-14T08:25:53'
System info: host: 'PAYAL', ip: '192.168.0.118', os.name: 'Windows 8.1', os.arch: 'amd64', os.version: '6.3', java.version: '15.0.2'
Driver info: org.openqa.selenium.firefox.FirefoxDriver
Capabilities {acceptInsecureCerts: true, browserName: firefox, browserVersion: 90.0.2, javascriptEnabled: true, moz:accessibilityChecks: false, moz:buildID: 20210721174149, moz:geckodriverVersion: 0.29.1, moz:headless: false, moz:processID: 14532, moz:profile: C:\Users\Mr Amit\AppData\Lo..., moz:shutdownTimeout: 60000, moz:useNonSpecCompliantPointerOrigin: false, moz:webdriverClick: true, pageLoadStrategy: normal, platform: WINDOWS, platformName: WINDOWS, platformVersion: 6.3, proxy: Proxy(), setWindowRect: true, strictFileInteractability: false, timeouts: {implicit: 0, pageLoad: 300000, script: 30000}, unhandledPromptBehavior: dismiss and notify}
Session ID: b0e12332-aeaa-4834-8271-ba8cab0a663b
at java.base/jdk.internal.reflect.NativeConstructorAccessorImpl.newInstance0(Native Method)
at java.base/jdk.internal.reflect.NativeConstructorAccessorImpl.newInstance(NativeConstructorAccessorImpl.java:64)
at java.base/jdk.internal.reflect.DelegatingConstructorAccessorImpl.newInstance(DelegatingConstructorAccessorImpl.java:45)
at java.base/java.lang.reflect.Constructor.newInstanceWithCaller(Constructor.java:500)
at java.base/java.lang.reflect.Constructor.newInstance(Constructor.java:481)
at org.openqa.selenium.remote.http.W3CHttpResponseCodec.createException(W3CHttpResponseCodec.java:187)
at org.openqa.selenium.remote.http.W3CHttpResponseCodec.decode(W3CHttpResponseCodec.java:122)
at org.openqa.selenium.remote.http.W3CHttpResponseCodec.decode(W3CHttpResponseCodec.java:49)
at org.openqa.selenium.remote.HttpCommandExecutor.execute(HttpCommandExecutor.java:158)
at org.openqa.selenium.remote.service.DriverCommandExecutor.execute(DriverCommandExecutor.java:83)
at org.openqa.selenium.remote.RemoteWebDriver.execute(RemoteWebDriver.java:552)
at org.openqa.selenium.remote.RemoteWebElement.execute(RemoteWebElement.java:285)
at org.openqa.selenium.remote.RemoteWebElement.click(RemoteWebElement.java:84)
at java.base/jdk.internal.reflect.NativeMethodAccessorImpl.invoke0(Native Method)
at java.base/jdk.internal.reflect.NativeMethodAccessorImpl.invoke(NativeMethodAccessorImpl.java:64)
at java.base/jdk.internal.reflect.DelegatingMethodAccessorImpl.invoke(DelegatingMethodAccessorImpl.java:43)
at java.base/java.lang.reflect.Method.invoke(Method.java:564)
at org.openqa.selenium.support.pagefactory.internal.LocatingElementHandler.invoke(LocatingElementHandler.java:51)
at com.sun.proxy.$Proxy17.click(Unknown Source)
at pom.Logoutpom.signoutclick(Logoutpom.java:37)
at test.TestClass.logout(TestClass.java:100)
at java.base/jdk.internal.reflect.NativeMethodAccessorImpl.invoke0(Native Method)
at java.base/jdk.internal.reflect.NativeMethodAccessorImpl.invoke(NativeMethodAccessorImpl.java:64)
at java.base/jdk.internal.reflect.DelegatingMethodAccessorImpl.invoke(DelegatingMethodAccessorImpl.java:43)
at java.base/java.lang.reflect.Method.invoke(Method.java:564)
at org.testng.internal.MethodInvocationHelper.invokeMethod(MethodInvocationHelper.java:133)
at org.testng.internal.MethodInvocationHelper.invokeMethodConsideringTimeout(MethodInvocationHelper.java:62)
at org.testng.internal.ConfigInvoker.invokeConfigurationMethod(ConfigInvoker.java:385)
at org.testng.internal.ConfigInvoker.invokeConfigurations(ConfigInvoker.java:321)
at org.testng.internal.TestInvoker.runConfigMethods(TestInvoker.java:700)
at org.testng.internal.TestInvoker.runAfterGroupsConfigurations(TestInvoker.java:676)
at org.testng.internal.TestInvoker.invokeMethod(TestInvoker.java:660)
at org.testng.internal.TestInvoker.invokeTestMethod(TestInvoker.java:173)
at org.testng.internal.MethodRunner.runInSequence(MethodRunner.java:46)
at org.testng.internal.TestInvoker$MethodInvocationAgent.invoke(TestInvoker.java:824)
at org.testng.internal.TestInvoker.invokeTestMethods(TestInvoker.java:146)
at org.testng.internal.TestMethodWorker.invokeTestMethods(TestMethodWorker.java:146)
at org.testng.internal.TestMethodWorker.run(TestMethodWorker.java:128)
at java.base/java.util.ArrayList.forEach(ArrayList.java:1511)
at org.testng.TestRunner.privateRun(TestRunner.java:794)
at org.testng.TestRunner.run(TestRunner.java:596)
at org.testng.SuiteRunner.runTest(SuiteRunner.java:377)
at org.testng.SuiteRunner.runSequentially(SuiteRunner.java:371)
at org.testng.SuiteRunner.privateRun(SuiteRunner.java:332)
at org.testng.SuiteRunner.run(SuiteRunner.java:276)
at org.testng.SuiteRunnerWorker.runSuite(SuiteRunnerWorker.java:53)
at org.testng.SuiteRunnerWorker.run(SuiteRunnerWorker.java:96)
at org.testng.TestNG.runSuitesSequentially(TestNG.java:1212)
at org.testng.TestNG.runSuitesLocally(TestNG.java:1134)
at org.testng.TestNG.runSuites(TestNG.java:1063)
at org.testng.TestNG.run(TestNG.java:1031)
at org.testng.remote.AbstractRemoteTestNG.run(AbstractRemoteTestNG.java:115)
at org.testng.remote.RemoteTestNG.initAndRun(RemoteTestNG.java:251)
at org.testng.remote.RemoteTestNG.main(RemoteTestNG.java:77)
]]>
            </full-stacktrace>
          </exception> <!-- org.openqa.selenium.ElementNotInteractableException -->
          <reporter-output>
          </reporter-output>
        </test-method> <!-- logout -->
        <test-method is-config="true" signature="close()[pri:0, instance:test.TestClass@1613674b]" started-at="2021-08-04T22:46:20 IST" name="close" finished-at="1970-01-01T05:30:00 IST" duration-ms="-1628097380683" status="SKIP">
          <reporter-output>
          </reporter-output>
        </test-method> <!-- close -->
        <test-method is-config="true" signature="closebrowser()[pri:0, instance:test.TestClass@1613674b]" started-at="2021-08-04T22:46:20 IST" name="closebrowser" finished-at="1970-01-01T05:30:00 IST" duration-ms="-1628097380687" status="SKIP">
          <reporter-output>
          </reporter-output>
        </test-method> <!-- closebrowser -->
      </class> <!-- test.TestClass -->
    </test> <!-- firefoxTest -->
    <test started-at="2021-08-04T22:46:21 IST" name="chromeTest" finished-at="2021-08-04T22:47:27 IST" duration-ms="66577">
      <class name="test.TestClass">
        <test-method is-config="true" signature="launchBrowser(java.lang.String)[pri:0, instance:test.TestClass@662b4c69]" started-at="2021-08-04T22:46:21 IST" name="launchBrowser" finished-at="2021-08-04T22:46:23 IST" duration-ms="2335" status="PASS">
          <params>
            <param index="0">
              <value>
                <![CDATA[chrome]]>
              </value>
            </param>
          </params>
          <reporter-output>
          </reporter-output>
        </test-method> <!-- launchBrowser -->
        <test-method is-config="true" signature="setproperty()[pri:0, instance:test.TestClass@662b4c69]" started-at="2021-08-04T22:46:23 IST" name="setproperty" finished-at="2021-08-04T22:46:23 IST" duration-ms="6" status="PASS">
          <reporter-output>
          </reporter-output>
        </test-method> <!-- setproperty -->
        <test-method is-config="true" signature="loginpage()[pri:0, instance:test.TestClass@662b4c69]" started-at="2021-08-04T22:46:23 IST" name="loginpage" finished-at="2021-08-04T22:46:39 IST" duration-ms="16297" status="PASS">
          <reporter-output>
          </reporter-output>
        </test-method> <!-- loginpage -->
        <test-method signature="amazonpay()[pri:1, instance:test.TestClass@662b4c69]" started-at="2021-08-04T22:46:39 IST" name="amazonpay" finished-at="2021-08-04T22:46:50 IST" duration-ms="10711" status="PASS">
          <reporter-output>
          </reporter-output>
        </test-method> <!-- amazonpay -->
        <test-method is-config="true" signature="logout()[pri:0, instance:test.TestClass@662b4c69]" started-at="2021-08-04T22:46:50 IST" name="logout" finished-at="2021-08-04T22:46:55 IST" duration-ms="5438" status="PASS">
          <reporter-output>
          </reporter-output>
        </test-method> <!-- logout -->
        <test-method is-config="true" signature="loginpage()[pri:0, instance:test.TestClass@662b4c69]" started-at="2021-08-04T22:46:55 IST" name="loginpage" finished-at="2021-08-04T22:47:11 IST" duration-ms="15362" status="PASS">
          <reporter-output>
          </reporter-output>
        </test-method> <!-- loginpage -->
        <test-method signature="homeimproement()[pri:2, instance:test.TestClass@662b4c69]" started-at="2021-08-04T22:47:11 IST" name="homeimproement" finished-at="2021-08-04T22:47:21 IST" duration-ms="10402" status="PASS">
          <reporter-output>
          </reporter-output>
        </test-method> <!-- homeimproement -->
        <test-method is-config="true" signature="logout()[pri:0, instance:test.TestClass@662b4c69]" started-at="2021-08-04T22:47:21 IST" name="logout" finished-at="2021-08-04T22:47:27 IST" duration-ms="5821" status="PASS">
          <reporter-output>
          </reporter-output>
        </test-method> <!-- logout -->
        <test-method is-config="true" signature="close()[pri:0, instance:test.TestClass@662b4c69]" started-at="2021-08-04T22:47:27 IST" name="close" finished-at="2021-08-04T22:47:27 IST" duration-ms="1" status="PASS">
          <reporter-output>
          </reporter-output>
        </test-method> <!-- close -->
        <test-method is-config="true" signature="closebrowser()[pri:0, instance:test.TestClass@662b4c69]" started-at="2021-08-04T22:47:27 IST" name="closebrowser" finished-at="2021-08-04T22:47:27 IST" duration-ms="184" status="PASS">
          <reporter-output>
          </reporter-output>
        </test-method> <!-- closebrowser -->
      </class> <!-- test.TestClass -->
    </test> <!-- chromeTest -->
  </suite> <!-- amazonSuite -->
</testng-results>
